# JRE version: Java(TM) SE Runtime Environment (24.0.2+12) (build 24.0.2+12-54)
# Java VM: Java HotSpot(TM) 64-Bit Server VM (24.0.2+12-54, mixed mode, sharing, tiered, compressed oops, compressed class ptrs, g1 gc, windows-amd64)
GC Precious Log:
 CardTable entry size: 512
 Card Set container configuration: InlinePtr #cards 4 size 8 Array Of Cards #cards 16 size 48 Howl #buckets 8 coarsen threshold 3686 Howl Bitmap #cards 512 size 80 coarsen threshold 460 Card regions per heap region 1 cards per card region 4096
 CPUs: 16 total, 16 available
 Memory: 15709M
 Large Page Support: Disabled
 NUMA Support: Disabled
 Compressed Oops: Enabled (Zero based)
 Heap Region Size: 2M
 Heap Min Capacity: 8M
 Heap Initial Capacity: 246M
 Heap Max Capacity: 3928M
 Pre-touch: Disabled
 Parallel Workers: 13
 Concurrent Workers: 3
 Concurrent Refinement Workers: 13
 Periodic GC: Disabled
Heap:
 garbage-first heap   total reserved 4022272K, committed 104448K, used 60764K [0x000000070a800000, 0x0000000800000000)
  region size 2048K, 11 young (22528K), 2 survivors (4096K)
 Metaspace       used 68849K, committed 69632K, reserved 1114112K
  class space    used 7482K, committed 7808K, reserved 1048576K
GC Heap History (20 events):
Event: 981.334 GC heap before
{Heap before GC invocations=18 (full 0):
 garbage-first heap   total reserved 4022272K, committed 104448K, used 90056K [0x000000070a800000, 0x0000000800000000)
  region size 2048K, 24 young (49152K), 2 survivors (4096K)
 Metaspace       used 67557K, committed 68352K, reserved 1114112K
  class space    used 7470K, committed 7808K, reserved 1048576K
}
Event: 981.340 GC heap after
{Heap after GC invocations=19 (full 0):
 garbage-first heap   total reserved 4022272K, committed 104448K, used 45789K [0x000000070a800000, 0x0000000800000000)
  region size 2048K, 2 young (4096K), 2 survivors (4096K)
 Metaspace       used 67557K, committed 68352K, reserved 1114112K
  class space    used 7470K, committed 7808K, reserved 1048576K
}
Event: 1191.726 GC heap before
{Heap before GC invocations=19 (full 0):
 garbage-first heap   total reserved 4022272K, committed 104448K, used 88797K [0x000000070a800000, 0x0000000800000000)
  region size 2048K, 24 young (49152K), 2 survivors (4096K)
 Metaspace       used 67858K, committed 68672K, reserved 1114112K
  class space    used 7472K, committed 7808K, reserved 1048576K
}
Event: 1191.747 GC heap after
{Heap after GC invocations=20 (full 0):
 garbage-first heap   total reserved 4022272K, committed 104448K, used 45199K [0x000000070a800000, 0x0000000800000000)
  region size 2048K, 2 young (4096K), 2 survivors (4096K)
 Metaspace       used 67858K, committed 68672K, reserved 1114112K
  class space    used 7472K, committed 7808K, reserved 1048576K
}
Event: 1469.821 GC heap before
{Heap before GC invocations=20 (full 0):
 garbage-first heap   total reserved 4022272K, committed 104448K, used 90255K [0x000000070a800000, 0x0000000800000000)
  region size 2048K, 24 young (49152K), 2 survivors (4096K)
 Metaspace       used 67956K, committed 68736K, reserved 1114112K
  class space    used 7472K, committed 7808K, reserved 1048576K
}
Event: 1469.825 GC heap after
{Heap after GC invocations=21 (full 0):
 garbage-first heap   total reserved 4022272K, committed 104448K, used 45063K [0x000000070a800000, 0x0000000800000000)
  region size 2048K, 2 young (4096K), 2 survivors (4096K)
 Metaspace       used 67956K, committed 68736K, reserved 1114112K
  class space    used 7472K, committed 7808K, reserved 1048576K
}
Event: 1732.453 GC heap before
{Heap before GC invocations=22 (full 0):
 garbage-first heap   total reserved 4022272K, committed 104448K, used 90119K [0x000000070a800000, 0x0000000800000000)
  region size 2048K, 24 young (49152K), 2 survivors (4096K)
 Metaspace       used 68138K, committed 68928K, reserved 1114112K
  class space    used 7472K, committed 7808K, reserved 1048576K
}
Event: 1732.459 GC heap after
{Heap after GC invocations=23 (full 0):
 garbage-first heap   total reserved 4022272K, committed 104448K, used 45136K [0x000000070a800000, 0x0000000800000000)
  region size 2048K, 2 young (4096K), 2 survivors (4096K)
 Metaspace       used 68138K, committed 68928K, reserved 1114112K
  class space    used 7472K, committed 7808K, reserved 1048576K
}
Event: 2062.934 GC heap before
{Heap before GC invocations=23 (full 0):
 garbage-first heap   total reserved 4022272K, committed 104448K, used 90192K [0x000000070a800000, 0x0000000800000000)
  region size 2048K, 24 young (49152K), 2 survivors (4096K)
 Metaspace       used 68321K, committed 69120K, reserved 1114112K
  class space    used 7473K, committed 7808K, reserved 1048576K
}
Event: 2062.950 GC heap after
{Heap after GC invocations=24 (full 0):
 garbage-first heap   total reserved 4022272K, committed 104448K, used 44609K [0x000000070a800000, 0x0000000800000000)
  region size 2048K, 2 young (4096K), 2 survivors (4096K)
 Metaspace       used 68321K, committed 69120K, reserved 1114112K
  class space    used 7473K, committed 7808K, reserved 1048576K
}
Event: 2303.301 GC heap before
{Heap before GC invocations=24 (full 0):
 garbage-first heap   total reserved 4022272K, committed 104448K, used 89665K [0x000000070a800000, 0x0000000800000000)
  region size 2048K, 24 young (49152K), 2 survivors (4096K)
 Metaspace       used 68362K, committed 69120K, reserved 1114112K
  class space    used 7474K, committed 7808K, reserved 1048576K
}
Event: 2303.308 GC heap after
{Heap after GC invocations=25 (full 0):
 garbage-first heap   total reserved 4022272K, committed 104448K, used 44607K [0x000000070a800000, 0x0000000800000000)
  region size 2048K, 2 young (4096K), 2 survivors (4096K)
 Metaspace       used 68362K, committed 69120K, reserved 1114112K
  class space    used 7474K, committed 7808K, reserved 1048576K
}
Event: 2573.596 GC heap before
{Heap before GC invocations=26 (full 0):
 garbage-first heap   total reserved 4022272K, committed 104448K, used 89663K [0x000000070a800000, 0x0000000800000000)
  region size 2048K, 24 young (49152K), 2 survivors (4096K)
 Metaspace       used 68611K, committed 69376K, reserved 1114112K
  class space    used 7481K, committed 7808K, reserved 1048576K
}
Event: 2573.601 GC heap after
{Heap after GC invocations=27 (full 0):
 garbage-first heap   total reserved 4022272K, committed 104448K, used 44720K [0x000000070a800000, 0x0000000800000000)
  region size 2048K, 2 young (4096K), 2 survivors (4096K)
 Metaspace       used 68611K, committed 69376K, reserved 1114112K
  class space    used 7481K, committed 7808K, reserved 1048576K
}
Event: 2904.059 GC heap before
{Heap before GC invocations=27 (full 0):
 garbage-first heap   total reserved 4022272K, committed 104448K, used 89776K [0x000000070a800000, 0x0000000800000000)
  region size 2048K, 24 young (49152K), 2 survivors (4096K)
 Metaspace       used 68756K, committed 69568K, reserved 1114112K
  class space    used 7481K, committed 7808K, reserved 1048576K
}
Event: 2904.075 GC heap after
{Heap after GC invocations=28 (full 0):
 garbage-first heap   total reserved 4022272K, committed 104448K, used 44377K [0x000000070a800000, 0x0000000800000000)
  region size 2048K, 2 young (4096K), 2 survivors (4096K)
 Metaspace       used 68756K, committed 69568K, reserved 1114112K
  class space    used 7481K, committed 7808K, reserved 1048576K
}
Event: 3165.569 GC heap before
{Heap before GC invocations=28 (full 0):
 garbage-first heap   total reserved 4022272K, committed 104448K, used 87385K [0x000000070a800000, 0x0000000800000000)
  region size 2048K, 24 young (49152K), 2 survivors (4096K)
 Metaspace       used 68817K, committed 69632K, reserved 1114112K
  class space    used 7482K, committed 7808K, reserved 1048576K
}
Event: 3165.575 GC heap after
{Heap after GC invocations=29 (full 0):
 garbage-first heap   total reserved 4022272K, committed 104448K, used 44490K [0x000000070a800000, 0x0000000800000000)
  region size 2048K, 2 young (4096K), 2 survivors (4096K)
 Metaspace       used 68817K, committed 69632K, reserved 1114112K
  class space    used 7482K, committed 7808K, reserved 1048576K
}
Event: 3348.403 GC heap before
{Heap before GC invocations=30 (full 0):
 garbage-first heap   total reserved 4022272K, committed 104448K, used 87498K [0x000000070a800000, 0x0000000800000000)
  region size 2048K, 24 young (49152K), 2 survivors (4096K)
 Metaspace       used 68844K, committed 69632K, reserved 1114112K
  class space    used 7482K, committed 7808K, reserved 1048576K
}
Event: 3348.409 GC heap after
{Heap after GC invocations=31 (full 0):
 garbage-first heap   total reserved 4022272K, committed 104448K, used 44380K [0x000000070a800000, 0x0000000800000000)
  region size 2048K, 2 young (4096K), 2 survivors (4096K)
 Metaspace       used 68844K, committed 69632K, reserved 1114112K
  class space    used 7482K, committed 7808K, reserved 1048576K
}

